<?xml version="1.0" encoding="UTF-8"?>
<testsuite name="MoodAnalyserTest" tests="1" skipped="1" failures="0" errors="0" timestamp="2019-11-26T11:04:14" hostname="admin1-desktop" time="25.011">
  <properties/>
  <testcase name="givenMoodAnalyserImproperMethodNameShouldReturnException" classname="MoodAnalyserTest" time="25.011">
    <skipped/>
  </testcase>
  <system-out><![CDATA[]]></system-out>
  <system-err><![CDATA[]]></system-err>
</testsuite>
