<?xml version="1.0" encoding="UTF-8"?>
<testsuite name="MoodAnalyserTest" tests="3" skipped="0" failures="0" errors="0" timestamp="2019-11-26T05:48:29" hostname="admin1-desktop" time="0.001">
  <properties/>
  <testcase name="givenMessageWhenSadShouldReturnSad" classname="MoodAnalyserTest" time="0.001"/>
  <testcase name="givenAnyMessagethenItShouldReturnHappy" classname="MoodAnalyserTest" time="0.0"/>
  <testcase name="givenNullMoodShouldReturnHappy" classname="MoodAnalyserTest" time="0.0"/>
  <system-out><![CDATA[]]></system-out>
  <system-err><![CDATA[]]></system-err>
</testsuite>
